<?xml version="1.0" encoding="UTF-8"?>
<testng-results skipped="0" failed="0" ignored="0" total="1" passed="1">
  <reporter-output>
  </reporter-output>
  <suite name="BDD Test Suite" duration-ms="27257" started-at="2020-05-03T12:15:24 IST" finished-at="2020-05-03T12:15:52 IST">
    <groups>
      <group name="cucumber">
        <method signature="TestRunner.feature(cucumber.api.testng.CucumberFeatureWrapper)[pri:0, instance:MyRunner.TestRunner@617faa95]" name="feature" class="MyRunner.TestRunner"/>
      </group> <!-- cucumber -->
    </groups>
    <test name="FREE CRM Test" duration-ms="27257" started-at="2020-05-03T12:15:24 IST" finished-at="2020-05-03T12:15:52 IST">
      <class name="MyRunner.TestRunner">
        <test-method status="PASS" signature="setUpClass()[pri:0, instance:MyRunner.TestRunner@617faa95]" name="setUpClass" is-config="true" duration-ms="492" started-at="2020-05-03T12:15:25 IST" finished-at="2020-05-03T12:15:25 IST">
          <reporter-output>
          </reporter-output>
        </test-method> <!-- setUpClass -->
        <test-method status="PASS" signature="feature(cucumber.api.testng.CucumberFeatureWrapper)[pri:0, instance:MyRunner.TestRunner@617faa95]" name="feature" duration-ms="26474" started-at="2020-05-03T12:15:25 IST" description="Runs Cucumber Feature" data-provider="features" finished-at="2020-05-03T12:15:52 IST">
          <params>
            <param index="0">
              <value>
                <![CDATA[Free CRM Login Feature]]>
              </value>
            </param>
          </params>
          <reporter-output>
          </reporter-output>
        </test-method> <!-- feature -->
        <test-method status="PASS" signature="tearDownClass()[pri:0, instance:MyRunner.TestRunner@617faa95]" name="tearDownClass" is-config="true" duration-ms="42" started-at="2020-05-03T12:15:52 IST" finished-at="2020-05-03T12:15:52 IST">
          <reporter-output>
          </reporter-output>
        </test-method> <!-- tearDownClass -->
      </class> <!-- MyRunner.TestRunner -->
    </test> <!-- FREE CRM Test -->
  </suite> <!-- BDD Test Suite -->
</testng-results>
