<?xml version="1.0" encoding="UTF-8"?>
<testng-results skipped="0" failed="0" ignored="0" total="1" passed="1">
  <reporter-output>
  </reporter-output>
  <suite name="BDD Test Suite" duration-ms="18649" started-at="2020-04-19T19:08:51 IST" finished-at="2020-04-19T19:09:10 IST">
    <groups>
      <group name="cucumber">
        <method signature="TestRunner.feature(cucumber.api.testng.CucumberFeatureWrapper)[pri:0, instance:MyRunner.TestRunner@53f65459]" name="feature" class="MyRunner.TestRunner"/>
      </group> <!-- cucumber -->
    </groups>
    <test name="FREE CRM Test" duration-ms="18649" started-at="2020-04-19T19:08:51 IST" finished-at="2020-04-19T19:09:10 IST">
      <class name="MyRunner.TestRunner">
        <test-method status="PASS" signature="setUpClass()[pri:0, instance:MyRunner.TestRunner@53f65459]" name="setUpClass" is-config="true" duration-ms="337" started-at="2020-04-19T19:08:51 IST" finished-at="2020-04-19T19:08:51 IST">
          <reporter-output>
          </reporter-output>
        </test-method> <!-- setUpClass -->
        <test-method status="PASS" signature="feature(cucumber.api.testng.CucumberFeatureWrapper)[pri:0, instance:MyRunner.TestRunner@53f65459]" name="feature" duration-ms="18144" started-at="2020-04-19T19:08:51 IST" description="Runs Cucumber Feature" data-provider="features" finished-at="2020-04-19T19:09:10 IST">
          <params>
            <param index="0">
              <value>
                <![CDATA[Free CRM Login Feature]]>
              </value>
            </param>
          </params>
          <reporter-output>
          </reporter-output>
        </test-method> <!-- feature -->
        <test-method status="PASS" signature="tearDownClass()[pri:0, instance:MyRunner.TestRunner@53f65459]" name="tearDownClass" is-config="true" duration-ms="19" started-at="2020-04-19T19:09:10 IST" finished-at="2020-04-19T19:09:10 IST">
          <reporter-output>
          </reporter-output>
        </test-method> <!-- tearDownClass -->
      </class> <!-- MyRunner.TestRunner -->
    </test> <!-- FREE CRM Test -->
  </suite> <!-- BDD Test Suite -->
</testng-results>
